<?xml version="1.0" encoding="UTF-8"?>
<!-- Generated by org.testng.reporters.JUnitXMLReporter -->
<testsuite ignored="2" hostname="LAPTOP-BBMPECM7" failures="0" tests="1" name="Test" time="6.477" errors="0" timestamp="2025-05-25T12:29:05 IST">
  <testcase classname="testCases.TC_002" name="verify_Loigin" time="1.667"/>
  <testcase classname="testCases.TC__003_DDT" name="verifyLogoutDDT" time="0.0">
    <ignored/>
  </testcase> <!-- verifyLogoutDDT -->
  <testcase classname="testCases.TC_accountRegistration_001" name="verify_acc" time="0.0">
    <ignored/>
  </testcase> <!-- verify_acc -->
</testsuite> <!-- Test -->
