<?xml version="1.0" encoding="UTF-8"?>
<testng-results ignored="0" total="1" passed="1" failed="0" skipped="0">
  <reporter-output>
  </reporter-output>
  <suite started-at="2025-05-25T12:28:59 IST" name="Suite" finished-at="2025-05-25T12:29:05 IST" duration-ms="6477">
    <groups>
      <group name="sanity">
        <method signature="TC_002.verify_Loigin()[pri:0, instance:testCases.TC_002@206a70ef]" name="verify_Loigin" class="testCases.TC_002"/>
      </group> <!-- sanity -->
      <group name="master">
        <method signature="TC_002.verify_Loigin()[pri:0, instance:testCases.TC_002@206a70ef]" name="verify_Loigin" class="testCases.TC_002"/>
      </group> <!-- master -->
    </groups>
    <test started-at="2025-05-25T12:28:59 IST" name="Test" finished-at="2025-05-25T12:29:05 IST" duration-ms="6477">
      <class name="testCases.TC_002">
        <test-method is-config="true" signature="setup(java.lang.String,java.lang.String)[pri:0, instance:testCases.TC_002@206a70ef]" started-at="2025-05-25T12:28:59 IST" name="setup" finished-at="2025-05-25T12:29:03 IST" duration-ms="4768" status="PASS">
          <params>
            <param index="0">
              <value>
                <![CDATA[Windows]]>
              </value>
            </param>
            <param index="1">
              <value>
                <![CDATA[Chrome]]>
              </value>
            </param>
          </params>
          <reporter-output>
          </reporter-output>
        </test-method> <!-- setup -->
        <test-method signature="verify_Loigin()[pri:0, instance:testCases.TC_002@206a70ef]" started-at="2025-05-25T12:29:03 IST" name="verify_Loigin" finished-at="2025-05-25T12:29:05 IST" duration-ms="1667" status="PASS">
          <reporter-output>
          </reporter-output>
        </test-method> <!-- verify_Loigin -->
      </class> <!-- testCases.TC_002 -->
    </test> <!-- Test -->
  </suite> <!-- Suite -->
</testng-results>
